2019-02-06 09:28:18,107 [Worker-4: Loading available Gradle versions] INFO  o.e.b.c.i.u.g.PublishedGradleVersions - Gradle version information cache is not available. Remote download required.
2019-02-06 14:29:12,672 [Worker-1: Loading available Gradle versions] INFO  o.e.b.c.i.u.g.PublishedGradleVersions - Gradle version information cache is up-to-date. Trying to read.
2019-02-06 15:03:14,507 [Worker-2: Loading available Gradle versions] INFO  o.e.b.c.i.u.g.PublishedGradleVersions - Gradle version information cache is up-to-date. Trying to read.
2019-02-07 14:44:45,251 [Worker-2: Loading available Gradle versions] INFO  o.e.b.c.i.u.g.PublishedGradleVersions - Gradle version information cache is out-of-date. Trying to update.
2019-02-08 08:13:42,102 [Worker-3: Loading available Gradle versions] INFO  o.e.b.c.i.u.g.PublishedGradleVersions - Gradle version information cache is up-to-date. Trying to read.
2019-02-08 08:20:10,210 [Worker-2: Loading available Gradle versions] INFO  o.e.b.c.i.u.g.PublishedGradleVersions - Gradle version information cache is up-to-date. Trying to read.
2019-02-11 13:55:34,836 [Worker-3: Loading available Gradle versions] INFO  o.e.b.c.i.u.g.PublishedGradleVersions - Gradle version information cache is out-of-date. Trying to update.
2019-02-12 14:11:06,202 [Worker-1: Loading available Gradle versions] INFO  o.e.b.c.i.u.g.PublishedGradleVersions - Gradle version information cache is out-of-date. Trying to update.
2019-02-14 21:39:33,419 [Worker-1: Loading available Gradle versions] INFO  o.e.b.c.i.u.g.PublishedGradleVersions - Gradle version information cache is out-of-date. Trying to update.
2019-02-14 21:49:02,260 [Worker-3: Loading available Gradle versions] INFO  o.e.b.c.i.u.g.PublishedGradleVersions - Gradle version information cache is up-to-date. Trying to read.
2019-02-19 15:00:17,871 [Worker-3: Loading available Gradle versions] INFO  o.e.b.c.i.u.g.PublishedGradleVersions - Gradle version information cache is out-of-date. Trying to update.
2019-02-20 13:17:42,036 [Worker-4: Loading available Gradle versions] INFO  o.e.b.c.i.u.g.PublishedGradleVersions - Gradle version information cache is up-to-date. Trying to read.
2019-02-21 10:55:52,222 [Worker-1: Loading available Gradle versions] INFO  o.e.b.c.i.u.g.PublishedGradleVersions - Gradle version information cache is out-of-date. Trying to update.
2019-02-25 13:21:12,164 [Worker-4: Loading available Gradle versions] INFO  o.e.b.c.i.u.g.PublishedGradleVersions - Gradle version information cache is out-of-date. Trying to update.
2019-02-26 09:16:53,087 [Worker-5: Loading available Gradle versions] INFO  o.e.b.c.i.u.g.PublishedGradleVersions - Gradle version information cache is up-to-date. Trying to read.
2019-02-26 18:53:53,627 [Worker-2: Loading available Gradle versions] INFO  o.e.b.c.i.u.g.PublishedGradleVersions - Gradle version information cache is out-of-date. Trying to update.
2019-02-26 18:53:54,013 [Worker-2: Loading available Gradle versions] INFO  o.e.b.c.i.u.g.PublishedGradleVersions - Updating Gradle version information cache failed. Using outdated cache.
2019-02-28 19:01:22,259 [Worker-5: Loading available Gradle versions] INFO  o.e.b.c.i.u.g.PublishedGradleVersions - Gradle version information cache is out-of-date. Trying to update.
2019-03-07 08:31:04,315 [Worker-2: Loading available Gradle versions] INFO  o.e.b.c.i.u.g.PublishedGradleVersions - Gradle version information cache is out-of-date. Trying to update.
2019-03-07 18:53:54,600 [Worker-2: Loading available Gradle versions] INFO  o.e.b.c.i.u.g.PublishedGradleVersions - Gradle version information cache is up-to-date. Trying to read.
2019-03-12 19:01:04,568 [Worker-2: Loading available Gradle versions] INFO  o.e.b.c.i.u.g.PublishedGradleVersions - Gradle version information cache is out-of-date. Trying to update.
2019-03-14 16:16:18,444 [Worker-3: Loading available Gradle versions] INFO  o.e.b.c.i.u.g.PublishedGradleVersions - Gradle version information cache is out-of-date. Trying to update.
2019-03-14 18:51:24,565 [Worker-4: Loading available Gradle versions] INFO  o.e.b.c.i.u.g.PublishedGradleVersions - Gradle version information cache is up-to-date. Trying to read.
2019-03-15 14:00:58,089 [Worker-3: Loading available Gradle versions] INFO  o.e.b.c.i.u.g.PublishedGradleVersions - Gradle version information cache is up-to-date. Trying to read.
2019-03-18 11:19:49,532 [Worker-4: Loading available Gradle versions] INFO  o.e.b.c.i.u.g.PublishedGradleVersions - Gradle version information cache is out-of-date. Trying to update.
2019-03-18 19:12:31,929 [Worker-3: Loading available Gradle versions] INFO  o.e.b.c.i.u.g.PublishedGradleVersions - Gradle version information cache is up-to-date. Trying to read.
2019-03-19 19:06:31,865 [Worker-2: Loading available Gradle versions] INFO  o.e.b.c.i.u.g.PublishedGradleVersions - Gradle version information cache is out-of-date. Trying to update.
2019-03-21 19:05:35,049 [Worker-1: Loading available Gradle versions] INFO  o.e.b.c.i.u.g.PublishedGradleVersions - Gradle version information cache is out-of-date. Trying to update.
2019-03-21 19:05:35,364 [Worker-1: Loading available Gradle versions] INFO  o.e.b.c.i.u.g.PublishedGradleVersions - Updating Gradle version information cache failed. Using outdated cache.
2019-03-26 20:15:35,672 [Worker-0: Loading available Gradle versions] INFO  o.e.b.c.i.u.g.PublishedGradleVersions - Gradle version information cache is out-of-date. Trying to update.
2019-04-02 20:24:18,605 [Worker-2: Loading available Gradle versions] INFO  o.e.b.c.i.u.g.PublishedGradleVersions - Gradle version information cache is out-of-date. Trying to update.
2019-04-02 20:24:18,855 [Worker-2: Loading available Gradle versions] INFO  o.e.b.c.i.u.g.PublishedGradleVersions - Updating Gradle version information cache failed. Using outdated cache.
2019-04-09 13:39:13,362 [Worker-2: Loading available Gradle versions] INFO  o.e.b.c.i.u.g.PublishedGradleVersions - Gradle version information cache is out-of-date. Trying to update.
2019-04-09 18:55:43,099 [Worker-1: Loading available Gradle versions] INFO  o.e.b.c.i.u.g.PublishedGradleVersions - Gradle version information cache is up-to-date. Trying to read.
2019-04-11 10:19:59,504 [Worker-0: Loading available Gradle versions] INFO  o.e.b.c.i.u.g.PublishedGradleVersions - Gradle version information cache is out-of-date. Trying to update.
2019-04-11 10:53:56,494 [Worker-5: Loading available Gradle versions] INFO  o.e.b.c.i.u.g.PublishedGradleVersions - Gradle version information cache is up-to-date. Trying to read.
2019-04-11 19:02:23,515 [Worker-2: Loading available Gradle versions] INFO  o.e.b.c.i.u.g.PublishedGradleVersions - Gradle version information cache is up-to-date. Trying to read.
2019-04-12 13:49:28,203 [Worker-5: Loading available Gradle versions] INFO  o.e.b.c.i.u.g.PublishedGradleVersions - Gradle version information cache is out-of-date. Trying to update.
2019-04-16 18:57:50,271 [Worker-0: Loading available Gradle versions] INFO  o.e.b.c.i.u.g.PublishedGradleVersions - Gradle version information cache is out-of-date. Trying to update.
2019-04-16 18:57:50,556 [Worker-0: Loading available Gradle versions] INFO  o.e.b.c.i.u.g.PublishedGradleVersions - Updating Gradle version information cache failed. Using outdated cache.
2019-04-17 08:54:16,949 [Worker-3: Loading available Gradle versions] INFO  o.e.b.c.i.u.g.PublishedGradleVersions - Gradle version information cache is out-of-date. Trying to update.
2019-04-23 19:08:31,789 [Worker-0: Loading available Gradle versions] INFO  o.e.b.c.i.u.g.PublishedGradleVersions - Gradle version information cache is out-of-date. Trying to update.
2019-04-25 19:15:40,280 [Worker-5: Loading available Gradle versions] INFO  o.e.b.c.i.u.g.PublishedGradleVersions - Gradle version information cache is out-of-date. Trying to update.
2019-04-30 19:47:36,915 [Worker-5: Loading available Gradle versions] INFO  o.e.b.c.i.u.g.PublishedGradleVersions - Gradle version information cache is out-of-date. Trying to update.
2019-05-02 19:03:06,479 [Worker-9: Loading available Gradle versions] INFO  o.e.b.c.i.u.g.PublishedGradleVersions - Gradle version information cache is out-of-date. Trying to update.
2019-05-06 13:17:53,788 [Worker-1: Loading available Gradle versions] INFO  o.e.b.c.i.u.g.PublishedGradleVersions - Gradle version information cache is out-of-date. Trying to update.
2019-05-07 17:05:08,743 [Worker-2: Loading available Gradle versions] INFO  o.e.b.c.i.u.g.PublishedGradleVersions - Gradle version information cache is out-of-date. Trying to update.
2019-05-07 19:31:18,636 [Worker-3: Loading available Gradle versions] INFO  o.e.b.c.i.u.g.PublishedGradleVersions - Gradle version information cache is up-to-date. Trying to read.
2019-05-09 07:50:40,092 [Worker-4: Loading available Gradle versions] INFO  o.e.b.c.i.u.g.PublishedGradleVersions - Gradle version information cache is out-of-date. Trying to update.
2019-05-09 19:19:38,256 [Worker-3: Loading available Gradle versions] INFO  o.e.b.c.i.u.g.PublishedGradleVersions - Gradle version information cache is up-to-date. Trying to read.
2019-05-14 19:28:38,862 [Worker-9: Loading available Gradle versions] INFO  o.e.b.c.i.u.g.PublishedGradleVersions - Gradle version information cache is out-of-date. Trying to update.
2019-05-14 19:28:38,996 [Worker-9: Loading available Gradle versions] INFO  o.e.b.c.i.u.g.PublishedGradleVersions - Updating Gradle version information cache failed. Using outdated cache.
2019-05-15 09:16:41,228 [Worker-1: Loading available Gradle versions] INFO  o.e.b.c.i.u.g.PublishedGradleVersions - Gradle version information cache is out-of-date. Trying to update.
2019-05-16 19:12:57,202 [Worker-0: Loading available Gradle versions] INFO  o.e.b.c.i.u.g.PublishedGradleVersions - Gradle version information cache is out-of-date. Trying to update.
2019-05-16 19:12:57,497 [Worker-0: Loading available Gradle versions] INFO  o.e.b.c.i.u.g.PublishedGradleVersions - Updating Gradle version information cache failed. Using outdated cache.
2019-05-21 21:47:56,403 [Worker-40: Loading available Gradle versions] INFO  o.e.b.c.i.u.g.PublishedGradleVersions - Gradle version information cache is out-of-date. Trying to update.
2019-05-27 11:25:58,376 [Worker-2: Loading available Gradle versions] INFO  o.e.b.c.i.u.g.PublishedGradleVersions - Gradle version information cache is out-of-date. Trying to update.
2019-05-28 19:16:52,727 [Worker-5: Loading available Gradle versions] INFO  o.e.b.c.i.u.g.PublishedGradleVersions - Gradle version information cache is out-of-date. Trying to update.
2019-05-28 19:16:52,958 [Worker-5: Loading available Gradle versions] INFO  o.e.b.c.i.u.g.PublishedGradleVersions - Updating Gradle version information cache failed. Using outdated cache.
2019-05-30 18:56:10,435 [Worker-11: Loading available Gradle versions] INFO  o.e.b.c.i.u.g.PublishedGradleVersions - Gradle version information cache is out-of-date. Trying to update.
2019-06-06 20:46:08,766 [Worker-2: Loading available Gradle versions] INFO  o.e.b.c.i.u.g.PublishedGradleVersions - Gradle version information cache is out-of-date. Trying to update.
2019-09-11 13:33:33,288 [Worker-5: Loading available Gradle versions] INFO  o.e.b.c.i.u.g.PublishedGradleVersions - Gradle version information cache is out-of-date. Trying to update.
2021-02-11 15:09:44,038 [Worker-5: Loading available Gradle versions] INFO  o.e.b.c.i.u.g.PublishedGradleVersions - Gradle version information cache is up-to-date. Trying to read.
2021-02-18 12:38:34,661 [Worker-3: Loading available Gradle versions] INFO  o.e.b.c.i.u.g.PublishedGradleVersions - Gradle version information cache is out-of-date. Trying to update.
2021-02-23 00:27:46,552 [Worker-4: Loading available Gradle versions] INFO  o.e.b.c.i.u.g.PublishedGradleVersions - Gradle version information cache is out-of-date. Trying to update.
2021-02-24 23:23:37,594 [Worker-3: Loading available Gradle versions] INFO  o.e.b.c.i.u.g.PublishedGradleVersions - Gradle version information cache is out-of-date. Trying to update.
2021-03-01 09:27:07,756 [Worker-5: Loading available Gradle versions] INFO  o.e.b.c.i.u.g.PublishedGradleVersions - Gradle version information cache is out-of-date. Trying to update.
2021-03-02 11:01:31,890 [Worker-3: Loading available Gradle versions] INFO  o.e.b.c.i.u.g.PublishedGradleVersions - Gradle version information cache is out-of-date. Trying to update.
2021-03-04 21:30:50,721 [Worker-1: Loading available Gradle versions] INFO  o.e.b.c.i.u.g.PublishedGradleVersions - Gradle version information cache is out-of-date. Trying to update.
2021-03-08 22:58:30,018 [Worker-6: Loading available Gradle versions] INFO  o.e.b.c.i.u.g.PublishedGradleVersions - Gradle version information cache is out-of-date. Trying to update.
2021-03-09 19:10:05,710 [Worker-4: Loading available Gradle versions] INFO  o.e.b.c.i.u.g.PublishedGradleVersions - Gradle version information cache is up-to-date. Trying to read.
2021-03-11 16:05:34,858 [Worker-5: Loading available Gradle versions] INFO  o.e.b.c.i.u.g.PublishedGradleVersions - Gradle version information cache is out-of-date. Trying to update.
2021-03-15 22:30:38,302 [Worker-3: Loading available Gradle versions] INFO  o.e.b.c.i.u.g.PublishedGradleVersions - Gradle version information cache is out-of-date. Trying to update.
2021-03-16 00:18:48,194 [Worker-6: Loading available Gradle versions] INFO  o.e.b.c.i.u.g.PublishedGradleVersions - Gradle version information cache is up-to-date. Trying to read.
2021-03-16 18:48:15,112 [Worker-0: Loading available Gradle versions] INFO  o.e.b.c.i.u.g.PublishedGradleVersions - Gradle version information cache is up-to-date. Trying to read.
2021-03-16 20:41:42,346 [Worker-0: Loading available Gradle versions] INFO  o.e.b.c.i.u.g.PublishedGradleVersions - Gradle version information cache is up-to-date. Trying to read.
2021-03-16 21:36:07,160 [Worker-0: Loading available Gradle versions] INFO  o.e.b.c.i.u.g.PublishedGradleVersions - Gradle version information cache is up-to-date. Trying to read.
2021-03-18 16:55:48,196 [Worker-3: Loading available Gradle versions] INFO  o.e.b.c.i.u.g.PublishedGradleVersions - Gradle version information cache is out-of-date. Trying to update.
2021-03-22 19:11:11,588 [Worker-0: Loading available Gradle versions] INFO  o.e.b.c.i.u.g.PublishedGradleVersions - Gradle version information cache is out-of-date. Trying to update.
2021-03-23 19:12:00,883 [Worker-16: Loading available Gradle versions] INFO  o.e.b.c.i.u.g.PublishedGradleVersions - Gradle version information cache is out-of-date. Trying to update.
2021-03-24 22:14:18,451 [Worker-5: Loading available Gradle versions] INFO  o.e.b.c.i.u.g.PublishedGradleVersions - Gradle version information cache is out-of-date. Trying to update.
2021-03-25 12:03:07,568 [main] ERROR o.e.m.j.u.i.DownloadSourcesActionDelegate - Could not schedule source download
org.eclipse.jdt.core.JavaModelException: Projeto-java does not exist
	at org.eclipse.jdt.internal.core.JavaElement.newJavaModelException(JavaElement.java:583) ~[na:na]
	at org.eclipse.jdt.internal.core.Openable.generateInfos(Openable.java:256) ~[na:na]
	at org.eclipse.jdt.internal.core.Openable.openAncestors(Openable.java:530) ~[na:na]
	at org.eclipse.jdt.internal.core.Openable.generateInfos(Openable.java:250) ~[na:na]
	at org.eclipse.jdt.internal.core.JavaElement.openWhenClosed(JavaElement.java:596) ~[na:na]
	at org.eclipse.jdt.internal.core.JavaElement.getElementInfo(JavaElement.java:326) ~[na:na]
	at org.eclipse.jdt.internal.core.JavaElement.getElementInfo(JavaElement.java:312) ~[na:na]
	at org.eclipse.jdt.internal.core.PackageFragmentRoot.getKind(PackageFragmentRoot.java:516) ~[na:na]
	at org.eclipse.jdt.internal.core.PackageFragmentRoot.getSourceAttachmentPath(PackageFragmentRoot.java:641) ~[na:na]
	at org.eclipse.m2e.jdt.ui.internal.DownloadSourcesActionDelegate.setActiveEditor(DownloadSourcesActionDelegate.java:51) ~[na:na]
	at org.eclipse.ui.internal.EditorPluginAction.editorChanged(EditorPluginAction.java:72) [org.eclipse.ui.workbench_3.112.100.v20181127-1518.jar:na]
	at org.eclipse.ui.internal.EditorActionBuilder$EditorContribution.editorChanged(EditorActionBuilder.java:83) [org.eclipse.ui.workbench_3.112.100.v20181127-1518.jar:na]
	at org.eclipse.ui.internal.EditorActionBuilder$ExternalContributor.setActiveEditor(EditorActionBuilder.java:132) [org.eclipse.ui.workbench_3.112.100.v20181127-1518.jar:na]
	at org.eclipse.ui.internal.EditorActionBars.partChanged(EditorActionBars.java:346) [org.eclipse.ui.workbench_3.112.100.v20181127-1518.jar:na]
	at org.eclipse.ui.internal.WorkbenchPage.updateActivations(WorkbenchPage.java:325) [org.eclipse.ui.workbench_3.112.100.v20181127-1518.jar:na]
	at org.eclipse.ui.internal.WorkbenchPage.access$2(WorkbenchPage.java:306) [org.eclipse.ui.workbench_3.112.100.v20181127-1518.jar:na]
	at org.eclipse.ui.internal.WorkbenchPage$E4PartListener.partActivated(WorkbenchPage.java:213) [org.eclipse.ui.workbench_3.112.100.v20181127-1518.jar:na]
	at org.eclipse.e4.ui.internal.workbench.PartServiceImpl$3.run(PartServiceImpl.java:253) [org.eclipse.e4.ui.workbench_1.8.0.v20181119-1304.jar:na]
	at org.eclipse.core.runtime.SafeRunner.run(SafeRunner.java:45) [org.eclipse.equinox.common_3.10.200.v20181021-1645.jar:na]
	at org.eclipse.e4.ui.internal.workbench.PartServiceImpl.firePartActivated(PartServiceImpl.java:250) [org.eclipse.e4.ui.workbench_1.8.0.v20181119-1304.jar:na]
	at org.eclipse.e4.ui.internal.workbench.PartServiceImpl.activate(PartServiceImpl.java:775) [org.eclipse.e4.ui.workbench_1.8.0.v20181119-1304.jar:na]
	at org.eclipse.e4.ui.internal.workbench.PartServiceImpl.activate(PartServiceImpl.java:684) [org.eclipse.e4.ui.workbench_1.8.0.v20181119-1304.jar:na]
	at org.eclipse.e4.ui.internal.workbench.PartServiceImpl.activate(PartServiceImpl.java:679) [org.eclipse.e4.ui.workbench_1.8.0.v20181119-1304.jar:na]
	at org.eclipse.ui.internal.WorkbenchPage.busyOpenEditor(WorkbenchPage.java:3325) [org.eclipse.ui.workbench_3.112.100.v20181127-1518.jar:na]
	at org.eclipse.ui.internal.WorkbenchPage.lambda$9(WorkbenchPage.java:3216) [org.eclipse.ui.workbench_3.112.100.v20181127-1518.jar:na]
	at org.eclipse.swt.custom.BusyIndicator.showWhile(BusyIndicator.java:72) ~[org.eclipse.swt.win32.win32.x86_64_3.109.0.v20181204-1801.jar:na]
	at org.eclipse.ui.internal.WorkbenchPage.openEditor(WorkbenchPage.java:3213) [org.eclipse.ui.workbench_3.112.100.v20181127-1518.jar:na]
	at org.eclipse.ui.internal.WorkbenchPage.openEditor(WorkbenchPage.java:3177) [org.eclipse.ui.workbench_3.112.100.v20181127-1518.jar:na]
	at org.eclipse.ui.internal.WorkbenchPage.openEditor(WorkbenchPage.java:3167) [org.eclipse.ui.workbench_3.112.100.v20181127-1518.jar:na]
	at org.eclipse.jdt.internal.ui.javaeditor.EditorUtility.openInEditor(EditorUtility.java:376) ~[na:na]
	at org.eclipse.jdt.internal.ui.javaeditor.EditorUtility.openInEditor(EditorUtility.java:182) ~[na:na]
	at org.eclipse.jdt.ui.actions.OpenAction.run(OpenAction.java:287) ~[na:na]
	at org.eclipse.jdt.ui.actions.OpenAction.run(OpenAction.java:252) ~[na:na]
	at org.eclipse.jdt.ui.actions.SelectionDispatchAction.dispatchRun(SelectionDispatchAction.java:274) ~[na:na]
	at org.eclipse.jdt.ui.actions.SelectionDispatchAction.run(SelectionDispatchAction.java:252) ~[na:na]
	at org.eclipse.jdt.internal.ui.navigator.OpenAndExpand.run(OpenAndExpand.java:53) ~[na:na]
	at org.eclipse.ui.actions.RetargetAction.run(RetargetAction.java:219) ~[org.eclipse.ui.workbench_3.112.100.v20181127-1518.jar:na]
	at org.eclipse.ui.navigator.CommonNavigatorManager$1.open(CommonNavigatorManager.java:183) ~[na:na]
	at org.eclipse.ui.OpenAndLinkWithEditorHelper$InternalListener.open(OpenAndLinkWithEditorHelper.java:49) ~[org.eclipse.ui.workbench_3.112.100.v20181127-1518.jar:na]
	at org.eclipse.jface.viewers.StructuredViewer$2.run(StructuredViewer.java:853) ~[org.eclipse.jface_3.15.0.v20181123-1505.jar:na]
	at org.eclipse.core.runtime.SafeRunner.run(SafeRunner.java:45) [org.eclipse.equinox.common_3.10.200.v20181021-1645.jar:na]
	at org.eclipse.ui.internal.JFaceUtil.lambda$0(JFaceUtil.java:47) ~[org.eclipse.ui.workbench_3.112.100.v20181127-1518.jar:na]
	at org.eclipse.jface.util.SafeRunnable.run(SafeRunnable.java:176) ~[org.eclipse.jface_3.15.0.v20181123-1505.jar:na]
	at org.eclipse.jface.viewers.StructuredViewer.fireOpen(StructuredViewer.java:850) ~[org.eclipse.jface_3.15.0.v20181123-1505.jar:na]
	at org.eclipse.jface.viewers.StructuredViewer.handleOpen(StructuredViewer.java:1165) ~[org.eclipse.jface_3.15.0.v20181123-1505.jar:na]
	at org.eclipse.ui.navigator.CommonViewer.handleOpen(CommonViewer.java:454) ~[na:na]
	at org.eclipse.jface.util.OpenStrategy.fireOpenEvent(OpenStrategy.java:276) ~[org.eclipse.jface_3.15.0.v20181123-1505.jar:na]
	at org.eclipse.jface.util.OpenStrategy.access$2(OpenStrategy.java:271) ~[org.eclipse.jface_3.15.0.v20181123-1505.jar:na]
	at org.eclipse.jface.util.OpenStrategy$1.handleEvent(OpenStrategy.java:311) ~[org.eclipse.jface_3.15.0.v20181123-1505.jar:na]
	at org.eclipse.swt.widgets.EventTable.sendEvent(EventTable.java:89) ~[org.eclipse.swt.win32.win32.x86_64_3.109.0.v20181204-1801.jar:na]
	at org.eclipse.swt.widgets.Display.sendEvent(Display.java:4131) ~[org.eclipse.swt.win32.win32.x86_64_3.109.0.v20181204-1801.jar:na]
	at org.eclipse.swt.widgets.Widget.sendEvent(Widget.java:1055) ~[org.eclipse.swt.win32.win32.x86_64_3.109.0.v20181204-1801.jar:na]
	at org.eclipse.swt.widgets.Display.runDeferredEvents(Display.java:3944) ~[org.eclipse.swt.win32.win32.x86_64_3.109.0.v20181204-1801.jar:na]
	at org.eclipse.swt.widgets.Display.readAndDispatch(Display.java:3547) ~[org.eclipse.swt.win32.win32.x86_64_3.109.0.v20181204-1801.jar:na]
	at org.eclipse.e4.ui.internal.workbench.swt.PartRenderingEngine$5.run(PartRenderingEngine.java:1173) ~[org.eclipse.e4.ui.workbench.swt_0.14.400.v20181022-1348.jar:na]
	at org.eclipse.core.databinding.observable.Realm.runWithDefault(Realm.java:339) ~[org.eclipse.core.databinding.observable_1.6.300.v20180827-2028.jar:na]
	at org.eclipse.e4.ui.internal.workbench.swt.PartRenderingEngine.run(PartRenderingEngine.java:1062) ~[org.eclipse.e4.ui.workbench.swt_0.14.400.v20181022-1348.jar:na]
	at org.eclipse.e4.ui.internal.workbench.E4Workbench.createAndRunUI(E4Workbench.java:156) ~[org.eclipse.e4.ui.workbench_1.8.0.v20181119-1304.jar:na]
	at org.eclipse.ui.internal.Workbench.lambda$3(Workbench.java:636) ~[org.eclipse.ui.workbench_3.112.100.v20181127-1518.jar:na]
	at org.eclipse.core.databinding.observable.Realm.runWithDefault(Realm.java:339) ~[org.eclipse.core.databinding.observable_1.6.300.v20180827-2028.jar:na]
	at org.eclipse.ui.internal.Workbench.createAndRunWorkbench(Workbench.java:563) ~[org.eclipse.ui.workbench_3.112.100.v20181127-1518.jar:na]
	at org.eclipse.ui.PlatformUI.createAndRunWorkbench(PlatformUI.java:151) ~[org.eclipse.ui.workbench_3.112.100.v20181127-1518.jar:na]
	at org.eclipse.ui.internal.ide.application.IDEApplication.start(IDEApplication.java:155) ~[na:na]
	at org.eclipse.equinox.internal.app.EclipseAppHandle.run(EclipseAppHandle.java:203) ~[org.eclipse.equinox.app_1.4.0.v20181009-1752.jar:na]
	at org.eclipse.core.runtime.internal.adaptor.EclipseAppLauncher.runApplication(EclipseAppLauncher.java:137) ~[org.eclipse.osgi_3.13.200.v20181130-2106.jar:na]
	at org.eclipse.core.runtime.internal.adaptor.EclipseAppLauncher.start(EclipseAppLauncher.java:107) ~[org.eclipse.osgi_3.13.200.v20181130-2106.jar:na]
	at org.eclipse.core.runtime.adaptor.EclipseStarter.run(EclipseStarter.java:400) ~[org.eclipse.osgi_3.13.200.v20181130-2106.jar:na]
	at org.eclipse.core.runtime.adaptor.EclipseStarter.run(EclipseStarter.java:255) ~[org.eclipse.osgi_3.13.200.v20181130-2106.jar:na]
	at sun.reflect.NativeMethodAccessorImpl.invoke0(Native Method) ~[na:1.8.0_281]
	at sun.reflect.NativeMethodAccessorImpl.invoke(Unknown Source) ~[na:1.8.0_281]
	at sun.reflect.DelegatingMethodAccessorImpl.invoke(Unknown Source) ~[na:1.8.0_281]
	at java.lang.reflect.Method.invoke(Unknown Source) ~[na:1.8.0_281]
	at org.eclipse.equinox.launcher.Main.invokeFramework(Main.java:659) ~[org.eclipse.equinox.launcher_1.5.200.v20180922-1751.jar:na]
	at org.eclipse.equinox.launcher.Main.basicRun(Main.java:595) ~[org.eclipse.equinox.launcher_1.5.200.v20180922-1751.jar:na]
	at org.eclipse.equinox.launcher.Main.run(Main.java:1501) ~[org.eclipse.equinox.launcher_1.5.200.v20180922-1751.jar:na]
2021-06-25 20:22:07,235 [Worker-3: Loading available Gradle versions] INFO  o.e.b.c.i.u.g.PublishedGradleVersions - Gradle version information cache is out-of-date. Trying to update.
2021-06-25 20:28:19,113 [Worker-2: Loading available Gradle versions] INFO  o.e.b.c.i.u.g.PublishedGradleVersions - Gradle version information cache is up-to-date. Trying to read.
2021-06-25 20:28:55,572 [Worker-1: Loading available Gradle versions] INFO  o.e.b.c.i.u.g.PublishedGradleVersions - Gradle version information cache is up-to-date. Trying to read.
2021-06-25 20:43:25,062 [Worker-0: Loading available Gradle versions] INFO  o.e.b.c.i.u.g.PublishedGradleVersions - Gradle version information cache is up-to-date. Trying to read.
2021-06-25 20:44:55,254 [Worker-12: Building workspace] ERROR o.e.m.c.i.p.r.ProjectRegistryReader - Can't read workspace state
java.io.StreamCorruptedException: invalid stream header: 00000000
	at java.io.ObjectInputStream.readStreamHeader(Unknown Source)
	at java.io.ObjectInputStream.<init>(Unknown Source)
	at org.eclipse.m2e.core.internal.project.registry.ProjectRegistryReader$1.<init>(ProjectRegistryReader.java:67)
	at org.eclipse.m2e.core.internal.project.registry.ProjectRegistryReader.readWorkspaceState(ProjectRegistryReader.java:67)
	at org.eclipse.m2e.core.internal.project.registry.ProjectRegistryManager.<init>(ProjectRegistryManager.java:164)
	at org.eclipse.m2e.core.internal.MavenPluginActivator.start(MavenPluginActivator.java:240)
	at org.eclipse.osgi.internal.framework.BundleContextImpl$3.run(BundleContextImpl.java:782)
	at org.eclipse.osgi.internal.framework.BundleContextImpl$3.run(BundleContextImpl.java:1)
	at java.security.AccessController.doPrivileged(Native Method)
	at org.eclipse.osgi.internal.framework.BundleContextImpl.startActivator(BundleContextImpl.java:775)
	at org.eclipse.osgi.internal.framework.BundleContextImpl.start(BundleContextImpl.java:732)
	at org.eclipse.osgi.internal.framework.EquinoxBundle.startWorker0(EquinoxBundle.java:1005)
	at org.eclipse.osgi.internal.framework.EquinoxBundle$EquinoxModule.startWorker(EquinoxBundle.java:357)
	at org.eclipse.osgi.container.Module.doStart(Module.java:588)
	at org.eclipse.osgi.container.Module.start(Module.java:456)
	at org.eclipse.osgi.framework.util.SecureAction.start(SecureAction.java:471)
	at org.eclipse.osgi.internal.hooks.EclipseLazyStarter.postFindLocalClass(EclipseLazyStarter.java:117)
	at org.eclipse.osgi.internal.loader.classpath.ClasspathManager.findLocalClass(ClasspathManager.java:557)
	at org.eclipse.osgi.internal.loader.ModuleClassLoader.findLocalClass(ModuleClassLoader.java:331)
	at org.eclipse.osgi.internal.loader.BundleLoader.findLocalClass(BundleLoader.java:395)
	at org.eclipse.osgi.internal.loader.sources.SingleSourcePackage.loadClass(SingleSourcePackage.java:39)
	at org.eclipse.osgi.internal.loader.BundleLoader.findClassInternal(BundleLoader.java:469)
	at org.eclipse.osgi.internal.loader.BundleLoader.findClass(BundleLoader.java:422)
	at org.eclipse.osgi.internal.loader.BundleLoader.findClass(BundleLoader.java:414)
	at org.eclipse.osgi.internal.loader.ModuleClassLoader.loadClass(ModuleClassLoader.java:153)
	at java.lang.ClassLoader.loadClass(Unknown Source)
	at java.lang.Class.forName0(Native Method)
	at java.lang.Class.forName(Unknown Source)
	at org.eclipse.xtext.m2e.IgnoreMavenTargetModule.configure(IgnoreMavenTargetModule.java:31)
	at com.google.inject.AbstractModule.configure(AbstractModule.java:59)
	at com.google.inject.spi.Elements$RecordingBinder.install(Elements.java:223)
	at org.eclipse.xtext.ui.shared.internal.SharedStateContributionRegistryImpl$2.configure(SharedStateContributionRegistryImpl.java:157)
	at com.google.inject.spi.Elements$RecordingBinder.install(Elements.java:223)
	at com.google.inject.spi.Elements.getElements(Elements.java:101)
	at com.google.inject.internal.InjectorShell$Builder.build(InjectorShell.java:133)
	at com.google.inject.internal.InternalInjectorCreator.build(InternalInjectorCreator.java:103)
	at com.google.inject.internal.InjectorImpl.createChildInjector(InjectorImpl.java:217)
	at com.google.inject.internal.InjectorImpl.createChildInjector(InjectorImpl.java:224)
	at org.eclipse.xtext.ui.shared.internal.SharedStateContributionRegistryImpl.createInjectorWithoutJITBindings(SharedStateContributionRegistryImpl.java:62)
	at org.eclipse.xtext.ui.shared.internal.SharedStateContributionRegistryImpl.createContribution(SharedStateContributionRegistryImpl.java:147)
	at org.eclipse.xtext.ui.shared.internal.SharedStateContributionRegistryImpl.initializeContributions(SharedStateContributionRegistryImpl.java:129)
	at org.eclipse.xtext.ui.shared.internal.SharedStateContributionRegistryImpl.getContributions(SharedStateContributionRegistryImpl.java:69)
	at org.eclipse.xtext.ui.shared.internal.SharedStateContributionRegistryImpl.getContributedInstances(SharedStateContributionRegistryImpl.java:77)
	at org.eclipse.xtext.ui.resource.XtextResourceSetProvider.setContributions(XtextResourceSetProvider.java:44)
	at sun.reflect.NativeMethodAccessorImpl.invoke0(Native Method)
	at sun.reflect.NativeMethodAccessorImpl.invoke(Unknown Source)
	at sun.reflect.DelegatingMethodAccessorImpl.invoke(Unknown Source)
	at java.lang.reflect.Method.invoke(Unknown Source)
	at com.google.inject.internal.SingleMethodInjector$1.invoke(SingleMethodInjector.java:71)
	at com.google.inject.internal.SingleMethodInjector.inject(SingleMethodInjector.java:90)
	at com.google.inject.internal.MembersInjectorImpl.injectMembers(MembersInjectorImpl.java:110)
	at com.google.inject.internal.ConstructorInjector.construct(ConstructorInjector.java:94)
	at com.google.inject.internal.ConstructorBindingImpl$Factory.get(ConstructorBindingImpl.java:254)
	at com.google.inject.internal.ProviderToInternalFactoryAdapter$1.call(ProviderToInternalFactoryAdapter.java:46)
	at com.google.inject.internal.InjectorImpl.callInContext(InjectorImpl.java:1031)
	at com.google.inject.internal.ProviderToInternalFactoryAdapter.get(ProviderToInternalFactoryAdapter.java:40)
	at com.google.inject.Scopes$1$1.get(Scopes.java:65)
	at com.google.inject.internal.InternalFactoryToProviderAdapter.get(InternalFactoryToProviderAdapter.java:40)
	at com.google.inject.internal.FactoryProxy.get(FactoryProxy.java:54)
	at com.google.inject.internal.ExposedKeyFactory.get(ExposedKeyFactory.java:54)
	at com.google.inject.internal.SingleFieldInjector.inject(SingleFieldInjector.java:53)
	at com.google.inject.internal.MembersInjectorImpl.injectMembers(MembersInjectorImpl.java:110)
	at com.google.inject.internal.MembersInjectorImpl$1.call(MembersInjectorImpl.java:75)
	at com.google.inject.internal.MembersInjectorImpl$1.call(MembersInjectorImpl.java:73)
	at com.google.inject.internal.InjectorImpl.callInContext(InjectorImpl.java:1024)
	at com.google.inject.internal.MembersInjectorImpl.injectAndNotify(MembersInjectorImpl.java:73)
	at com.google.inject.internal.Initializer$InjectableReference.get(Initializer.java:147)
	at com.google.inject.internal.Initializer.injectAll(Initializer.java:92)
	at com.google.inject.internal.InternalInjectorCreator.injectDynamically(InternalInjectorCreator.java:173)
	at com.google.inject.internal.InternalInjectorCreator.build(InternalInjectorCreator.java:109)
	at com.google.inject.Guice.createInjector(Guice.java:95)
	at com.google.inject.Guice.createInjector(Guice.java:72)
	at com.google.inject.Guice.createInjector(Guice.java:62)
	at org.eclipse.xtext.ui.shared.internal.Activator.initializeInjector(Activator.java:97)
	at org.eclipse.xtext.ui.shared.internal.Activator.start(Activator.java:218)
	at org.eclipse.osgi.internal.framework.BundleContextImpl$3.run(BundleContextImpl.java:782)
	at org.eclipse.osgi.internal.framework.BundleContextImpl$3.run(BundleContextImpl.java:1)
	at java.security.AccessController.doPrivileged(Native Method)
	at org.eclipse.osgi.internal.framework.BundleContextImpl.startActivator(BundleContextImpl.java:775)
	at org.eclipse.osgi.internal.framework.BundleContextImpl.start(BundleContextImpl.java:732)
	at org.eclipse.osgi.internal.framework.EquinoxBundle.startWorker0(EquinoxBundle.java:1005)
	at org.eclipse.osgi.internal.framework.EquinoxBundle$EquinoxModule.startWorker(EquinoxBundle.java:357)
	at org.eclipse.osgi.container.Module.doStart(Module.java:588)
	at org.eclipse.osgi.container.Module.start(Module.java:456)
	at org.eclipse.osgi.framework.util.SecureAction.start(SecureAction.java:471)
	at org.eclipse.osgi.internal.hooks.EclipseLazyStarter.postFindLocalClass(EclipseLazyStarter.java:117)
	at org.eclipse.osgi.internal.loader.classpath.ClasspathManager.findLocalClass(ClasspathManager.java:557)
	at org.eclipse.osgi.internal.loader.ModuleClassLoader.findLocalClass(ModuleClassLoader.java:331)
	at org.eclipse.osgi.internal.loader.BundleLoader.findLocalClass(BundleLoader.java:395)
	at org.eclipse.osgi.internal.loader.BundleLoader.findClassInternal(BundleLoader.java:473)
	at org.eclipse.osgi.internal.loader.BundleLoader.findClass(BundleLoader.java:422)
	at org.eclipse.osgi.internal.loader.BundleLoader.findClass(BundleLoader.java:414)
	at org.eclipse.osgi.internal.loader.ModuleClassLoader.loadClass(ModuleClassLoader.java:153)
	at java.lang.ClassLoader.loadClass(Unknown Source)
	at org.eclipse.osgi.internal.framework.EquinoxBundle.loadClass(EquinoxBundle.java:612)
	at org.eclipse.core.internal.registry.osgi.RegistryStrategyOSGI.createExecutableExtension(RegistryStrategyOSGI.java:196)
	at org.eclipse.core.internal.registry.ExtensionRegistry.createExecutableExtension(ExtensionRegistry.java:934)
	at org.eclipse.core.internal.registry.ConfigurationElement.createExecutableExtension(ConfigurationElement.java:246)
	at org.eclipse.core.internal.registry.ConfigurationElementHandle.createExecutableExtension(ConfigurationElementHandle.java:63)
	at org.eclipse.jdt.internal.core.JavaModelManager$CompilationParticipants$1.run(JavaModelManager.java:466)
	at org.eclipse.core.runtime.SafeRunner.run(SafeRunner.java:45)
	at org.eclipse.jdt.internal.core.JavaModelManager$CompilationParticipants.getCompilationParticipants(JavaModelManager.java:459)
	at org.eclipse.jdt.internal.core.builder.JavaBuilder.initializeBuilder(JavaBuilder.java:610)
	at org.eclipse.jdt.internal.core.builder.JavaBuilder.build(JavaBuilder.java:176)
	at org.eclipse.core.internal.events.BuildManager$2.run(BuildManager.java:833)
	at org.eclipse.core.runtime.SafeRunner.run(SafeRunner.java:45)
	at org.eclipse.core.internal.events.BuildManager.basicBuild(BuildManager.java:220)
	at org.eclipse.core.internal.events.BuildManager.basicBuild(BuildManager.java:263)
	at org.eclipse.core.internal.events.BuildManager$1.run(BuildManager.java:316)
	at org.eclipse.core.runtime.SafeRunner.run(SafeRunner.java:45)
	at org.eclipse.core.internal.events.BuildManager.basicBuild(BuildManager.java:319)
	at org.eclipse.core.internal.events.BuildManager.basicBuildLoop(BuildManager.java:371)
	at org.eclipse.core.internal.events.BuildManager.build(BuildManager.java:392)
	at org.eclipse.core.internal.events.AutoBuildJob.doBuild(AutoBuildJob.java:154)
	at org.eclipse.core.internal.events.AutoBuildJob.run(AutoBuildJob.java:244)
	at org.eclipse.core.internal.jobs.Worker.run(Worker.java:63)
2021-07-28 23:52:57,453 [Worker-1: Loading available Gradle versions] INFO  o.e.b.c.i.u.g.PublishedGradleVersions - Gradle version information cache is out-of-date. Trying to update.
2021-08-09 14:44:37,549 [Worker-5: Loading available Gradle versions] INFO  o.e.b.c.i.u.g.PublishedGradleVersions - Gradle version information cache is out-of-date. Trying to update.
2021-08-12 00:46:48,985 [Worker-2: Loading available Gradle versions] INFO  o.e.b.c.i.u.g.PublishedGradleVersions - Gradle version information cache is out-of-date. Trying to update.
2021-08-12 01:14:44,974 [Worker-11: Loading available Gradle versions] INFO  o.e.b.c.i.u.g.PublishedGradleVersions - Gradle version information cache is up-to-date. Trying to read.
2021-08-13 00:52:51,065 [Worker-5: Loading available Gradle versions] INFO  o.e.b.c.i.u.g.PublishedGradleVersions - Gradle version information cache is out-of-date. Trying to update.
2021-08-13 00:59:44,818 [Worker-1: Loading available Gradle versions] INFO  o.e.b.c.i.u.g.PublishedGradleVersions - Gradle version information cache is up-to-date. Trying to read.
2021-08-13 01:03:31,263 [Worker-1: Cloning from https://github.com/stevenrezende/AulaDev.git] WARN  org.eclipse.jgit.util.FS - Cannot run program "git" (in directory "\usr\bin"): CreateProcess error=2, O sistema não pode encontrar o arquivo especificado
2021-08-13 14:01:46,033 [main] WARN  org.eclipse.jgit.util.FS - Cannot run program "git" (in directory "\usr\bin"): CreateProcess error=2, O sistema não pode encontrar o arquivo especificado
2021-08-13 14:02:04,378 [Worker-2: Loading available Gradle versions] INFO  o.e.b.c.i.u.g.PublishedGradleVersions - Gradle version information cache is up-to-date. Trying to read.
